<?xml version="1.0" encoding="UTF-8"?>
<!-- Generated by org.testng.reporters.JUnitXMLReporter -->
<testsuite hostname="LIN17000201" ignored="2" name="Selenium" tests="3" failures="3" timestamp="2019-11-17T09:30:10 IST" time="0.208" errors="0">
  <testcase name="checkCredentialFields" time="0.058" classname="com.auto.selenium.pagetest.LoginTest">
    <failure type="java.lang.NullPointerException">
      <![CDATA[java.lang.NullPointerException
at org.openqa.selenium.support.pagefactory.DefaultElementLocator.findElement(DefaultElementLocator.java:69)
at org.openqa.selenium.support.pagefactory.internal.LocatingElementHandler.invoke(LocatingElementHandler.java:38)
at com.sun.proxy.$Proxy9.getText(Unknown Source)
at com.auto.selenium.pages.LoginPage.checkeckUserText(LoginPage.java:39)
at com.auto.selenium.pagetest.LoginTest.checkCredentialFields(LoginTest.java:24)
at java.util.ArrayList.forEach(ArrayList.java:1268)
... Removed 28 stack frames]]>
    </failure>
  </testcase> <!-- checkCredentialFields -->
  <testcase name="checkErrorText" time="0.0" classname="com.auto.selenium.pagetest.LoginTest">
    <failure type="java.lang.NullPointerException">
      <![CDATA[java.lang.NullPointerException
at org.openqa.selenium.support.pagefactory.DefaultElementLocator.findElement(DefaultElementLocator.java:69)
at org.openqa.selenium.support.pagefactory.internal.LocatingElementHandler.invoke(LocatingElementHandler.java:38)
at com.sun.proxy.$Proxy9.click(Unknown Source)
at com.auto.selenium.pages.LoginPage.clickLogin(LoginPage.java:69)
at com.auto.selenium.pagetest.LoginTest.checkErrorText(LoginTest.java:33)
at java.util.ArrayList.forEach(ArrayList.java:1268)
... Removed 28 stack frames]]>
    </failure>
  </testcase> <!-- checkErrorText -->
  <testcase name="checkValidCredentials" time="0.019" classname="com.auto.selenium.pagetest.LoginTest">
    <failure type="java.lang.NullPointerException">
      <![CDATA[java.lang.NullPointerException
at org.openqa.selenium.support.pagefactory.DefaultElementLocator.findElement(DefaultElementLocator.java:69)
at org.openqa.selenium.support.pagefactory.internal.LocatingElementHandler.invoke(LocatingElementHandler.java:38)
at com.sun.proxy.$Proxy9.sendKeys(Unknown Source)
at com.auto.selenium.pages.LoginPage.enterUserName(LoginPage.java:54)
at com.auto.selenium.pagetest.LoginTest.checkValidCredentials(LoginTest.java:44)
at java.util.ArrayList.forEach(ArrayList.java:1268)
... Removed 28 stack frames]]>
    </failure>
  </testcase> <!-- checkValidCredentials -->
  <testcase name="@BeforeSuite openBrowser" time="0.0" classname="com.auto.selenium.base.BaseTest">
    <ignored/>
  </testcase> <!-- @BeforeSuite openBrowser -->
  <testcase name="@AfterSuite closeBrowser" time="0.0" classname="com.auto.selenium.base.BaseTest">
    <ignored/>
  </testcase> <!-- @AfterSuite closeBrowser -->
</testsuite> <!-- Selenium -->
